#
# A fatal error has been detected by the Java Runtime Environment:
#
#  SIGSEGV (0xb) at pc=0x000000010c2b2e82, pid=17067, tid=19203
#
# JRE version: Java(TM) SE Runtime Environment (7.0_79-b15) (build 1.7.0_79-b15)
# Java VM: Java HotSpot(TM) 64-Bit Server VM (24.79-b02 mixed mode bsd-amd64 compressed oops)
# Problematic frame:
# V  [libjvm.dylib+0x2b2e82]
#
# Failed to write core dump. Core dumps have been disabled. To enable core dumping, try "ulimit -c unlimited" before starting Java again
#
# If you would like to submit a bug report, please visit:
#   http://bugreport.java.com/bugreport/crash.jsp
#

---------------  T H R E A D  ---------------

Current thread (0x00007fb55081f800):  JavaThread "JDWP Transport Listener: dt_socket" daemon [_thread_in_vm, id=19203, stack(0x00007000084df000,0x00007000085df000)]

siginfo:si_signo=SIGSEGV: si_errno=0, si_code=1 (SEGV_MAPERR), si_addr=0x000000000000000c

Registers:
RAX=0x0000000000000000, RBX=0x00000007aae8bc00, RCX=0x000000000000000c, RDX=0x0000000000000000
RSP=0x00007000085dea10, RBP=0x00007000085dea10, RSI=0x00007fb54fe1ebe0, RDI=0x00000007aae8bc00
R8 =0x3200000000000000, R9 =0x00007fb54fe22ae0, R10=0x00000000ffffff80, R11=0xfffff04ab87bc200
R12=0x00007fb55081f800, R13=0x00007fb54fe22ac0, R14=0x0000000000000000, R15=0x0000000000000000
RIP=0x000000010c2b2e82, EFLAGS=0x0000000000010202, ERR=0x0000000000000004
  TRAPNO=0x000000000000000e

Top of Stack: (sp=0x00007000085dea10)
0x00007000085dea10:   00007000085dea40 000000010c2e27be
0x00007000085dea20:   0000000000000000 0000000000000000
0x00007000085dea30:   00000007aae8bc00 00007fb55081f9e8
0x00007000085dea40:   00007000085deab0 000000010c30a0a2
0x00007000085dea50:   00007fb55081f800 00007fb55081f800
0x00007000085dea60:   0000000000000000 0000000000000000
0x00007000085dea70:   00007fb55081f9e8 00007fb55081f800
0x00007000085dea80:   00007fb55081f800 00007000085deb08
0x00007000085dea90:   00007fb54fe1ebe0 00007fb54fe22ac0
0x00007000085deaa0:   00007000085dec90 00007fb55081f9e8
0x00007000085deab0:   00007000085deae0 000000010ae884be
0x00007000085deac0:   00007000085dec90 000000010aea8dc2
0x00007000085dead0:   00007000085deb08 000000010aeb4588
0x00007000085deae0:   00007000085ded00 000000010ae8f642
0x00007000085deaf0:   0000019d00000013 0000000000010a00
0x00007000085deb00:   00007fb54fe22870 00007000085deb58
0x00007000085deb10:   00007fb50000012c 00007000085deb20
0x00007000085deb20:   00007fb500000000 00007000085deb58
0x00007000085deb30:   0000000000000000 0000000000000000
0x00007000085deb40:   0000019d00000018 00007fb50000cf80
0x00007000085deb50:   00007000085deb58 0000004c01000000
0x00007000085deb60:   1900000000000000 0000000005000000
0x00007000085deb70:   9900000000000000 0400000000000000
0x00007000085deb80:   00000000040c0000 9a00000009000000
0x00007000085deb90:   1100000000000000 000000009b000000
0x00007000085deba0:   9c00000019000000 75412f707474682f
0x00007000085debb0:   616369746e656874 634c293b6e6f6974
0x00007000085debc0:   6f6c6c65682f6d6f 6b64732f6e676973
0x00007000085debd0:   74482f707474682f 746e65696c437074
0x00007000085debe0:   000000000000003b f1e14fb57f000001
0x00007000085debf0:   7469770c000000a0 6172615074654768
0x00007000085dec00:   6a4c28490000006d 676e616c2f617661 

Instructions: (pc=0x000000010c2b2e82)
0x000000010c2b2e62:   eb 16 48 8d 35 85 9a 4c 00 8a 4e 08 48 d3 e2 48
0x000000010c2b2e72:   03 16 eb 04 48 8b 14 0f 84 c0 0f 94 c0 0f b6 c0
0x000000010c2b2e82:   8b 44 82 0c 5d c3 8b 04 07 5d c3 90 55 48 89 e5
0x000000010c2b2e92:   f6 87 8d 00 00 00 02 75 04 31 ff eb 23 48 63 87 

Register to memory mapping:

RAX=0x0000000000000000 is an unknown value
RBX=0x00000007aae8bc00 is an oop
java.lang.String 
 - klass: 'java/lang/String'
RCX=0x000000000000000c is an unknown value
RDX=0x0000000000000000 is an unknown value
RSP=0x00007000085dea10 is pointing into the stack for thread: 0x00007fb55081f800
RBP=0x00007000085dea10 is pointing into the stack for thread: 0x00007fb55081f800
RSI=0x00007fb54fe1ebe0 is a global jni handle
RDI=0x00000007aae8bc00 is an oop
java.lang.String 
 - klass: 'java/lang/String'
R8 =0x3200000000000000 is an unknown value
R9 =0x00007fb54fe22ae0 is an unknown value
R10=0x00000000ffffff80 is an unknown value
R11=0xfffff04ab87bc200 is an unknown value
R12=0x00007fb55081f800 is a thread
R13=0x00007fb54fe22ac0 is an unknown value
R14=0x0000000000000000 is an unknown value
R15=0x0000000000000000 is an unknown value


Stack: [0x00007000084df000,0x00007000085df000],  sp=0x00007000085dea10,  free space=1022k
Native frames: (J=compiled Java code, j=interpreted, Vv=VM code, C=native code)
V  [libjvm.dylib+0x2b2e82]
V  [libjvm.dylib+0x2e27be]
V  [libjvm.dylib+0x30a0a2]
C  [libjdwp.dylib+0x74be]  value+0x96
C  [libjdwp.dylib+0xe642]  debugLoop_run+0x1ce
C  [libjdwp.dylib+0x1f0e2]  attachThread+0x4d
V  [libjvm.dylib+0x37945a]
V  [libjvm.dylib+0x4f759d]
V  [libjvm.dylib+0x4f8ca5]
V  [libjvm.dylib+0x421c4e]
C  [libsystem_pthread.dylib+0x3aab]  _pthread_body+0xb4
C  [libsystem_pthread.dylib+0x39f7]  _pthread_body+0x0
C  [libsystem_pthread.dylib+0x31fd]  thread_start+0xd


---------------  P R O C E S S  ---------------

Java Threads: ( => current thread )
  0x00007fb551829800 JavaThread "Service Thread" daemon [_thread_blocked, id=21763, stack(0x00007000089ee000,0x0000700008aee000)]
  0x00007fb551827000 JavaThread "C2 CompilerThread1" daemon [_thread_blocked, id=21251, stack(0x00007000088eb000,0x00007000089eb000)]
  0x00007fb550015800 JavaThread "C2 CompilerThread0" daemon [_thread_blocked, id=20739, stack(0x00007000087e8000,0x00007000088e8000)]
  0x00007fb554000000 JavaThread "JDWP Command Reader" daemon [_thread_in_native, id=20227, stack(0x00007000086e5000,0x00007000087e5000)]
  0x00007fb553801000 JavaThread "JDWP Event Helper Thread" daemon [_thread_blocked, id=19715, stack(0x00007000085e2000,0x00007000086e2000)]
=>0x00007fb55081f800 JavaThread "JDWP Transport Listener: dt_socket" daemon [_thread_in_vm, id=19203, stack(0x00007000084df000,0x00007000085df000)]
  0x00007fb550000800 JavaThread "Signal Dispatcher" daemon [_thread_blocked, id=18691, stack(0x00007000083dc000,0x00007000084dc000)]
  0x00007fb551819000 JavaThread "Finalizer" daemon [_thread_blocked, id=14595, stack(0x00007000082d9000,0x00007000083d9000)]
  0x00007fb552835800 JavaThread "Reference Handler" daemon [_thread_blocked, id=14083, stack(0x00007000081d6000,0x00007000082d6000)]
  0x00007fb550001800 JavaThread "main" [_thread_blocked, id=7171, stack(0x00007000077b8000,0x00007000078b8000)]

Other Threads:
  0x00007fb552833000 VMThread [stack: 0x00007000080d3000,0x00007000081d3000] [id=13571]
  0x00007fb553009800 WatcherThread [stack: 0x0000700008af1000,0x0000700008bf1000] [id=22275]

VM state:not at safepoint (normal execution)

VM Mutex/Monitor currently owned by a thread: None

Heap
 PSYoungGen      total 76800K, used 5284K [0x00000007aaa80000, 0x00000007b0000000, 0x0000000800000000)
  eden space 66048K, 8% used [0x00000007aaa80000,0x00000007aafa9128,0x00000007aeb00000)
  from space 10752K, 0% used [0x00000007af580000,0x00000007af580000,0x00000007b0000000)
  to   space 10752K, 0% used [0x00000007aeb00000,0x00000007aeb00000,0x00000007af580000)
 ParOldGen       total 174592K, used 0K [0x0000000700000000, 0x000000070aa80000, 0x00000007aaa80000)
  object space 174592K, 0% used [0x0000000700000000,0x0000000700000000,0x000000070aa80000)
 PSPermGen       total 21504K, used 3186K [0x00000006fae00000, 0x00000006fc300000, 0x0000000700000000)
  object space 21504K, 14% used [0x00000006fae00000,0x00000006fb11ca98,0x00000006fc300000)

Card table byte_map: [0x000000010fa63000,0x000000011028d000] byte_map_base: 0x000000010c28c000

Polling page: 0x000000010ae80000

Code Cache  [0x000000010ca63000, 0x000000010ccd3000, 0x000000010fa63000)
 total_blobs=180 nmethods=6 adapters=137 free_code_cache=48763Kb largest_free_block=49913920

Compilation events (10 events):
Event: 140.052 Thread 0x00007fb551827000    2             java.lang.String::hashCode (55 bytes)
Event: 140.054 Thread 0x00007fb551827000 nmethod 2 0x000000010cac24d0 code [0x000000010cac2620, 0x000000010cac27b8]
Event: 140.061 Thread 0x00007fb550015800    3             sun.nio.cs.UTF_8$Encoder::encode (361 bytes)
Event: 140.063 Thread 0x00007fb551827000    4             java.lang.String::indexOf (166 bytes)
Event: 140.069 Thread 0x00007fb550015800 nmethod 3 0x000000010cac1810 code [0x000000010cac19a0, 0x000000010cac2088]
Event: 140.070 Thread 0x00007fb551827000 nmethod 4 0x000000010cac5190 code [0x000000010cac52e0, 0x000000010cac5818]
Event: 140.075 Thread 0x00007fb550015800    5             java.lang.String::charAt (29 bytes)
Event: 140.075 Thread 0x00007fb550015800 nmethod 5 0x000000010cac5bd0 code [0x000000010cac5d20, 0x000000010cac5e18]
Event: 140.090 Thread 0x00007fb551827000    6             java.lang.String::lastIndexOf (52 bytes)
Event: 140.091 Thread 0x00007fb551827000 nmethod 6 0x000000010cac4d50 code [0x000000010cac4ea0, 0x000000010cac5068]

GC Heap History (0 events):
No events

Deoptimization events (0 events):
No events

Internal exceptions (10 events):
Event: 140.090 Thread 0x00007fb550001800 Threw 0x00000007aaba9420 at /HUDSON/workspace/7u-2-build-macosx-x86_64/jdk7u79/2331/hotspot/src/share/vm/prims/jvm.cpp:1304
Event: 140.093 Thread 0x00007fb550001800 Threw 0x00000007aabaeb80 at /HUDSON/workspace/7u-2-build-macosx-x86_64/jdk7u79/2331/hotspot/src/share/vm/prims/jvm.cpp:1304
Event: 140.096 Thread 0x00007fb550001800 Threw 0x00000007aabb6660 at /HUDSON/workspace/7u-2-build-macosx-x86_64/jdk7u79/2331/hotspot/src/share/vm/prims/jvm.cpp:1304
Event: 141.638 Thread 0x00007fb550001800 Threw 0x00000007aabbb920 at /HUDSON/workspace/7u-2-build-macosx-x86_64/jdk7u79/2331/hotspot/src/share/vm/prims/jvm.cpp:1304
Event: 141.639 Thread 0x00007fb550001800 Threw 0x00000007aabc0f98 at /HUDSON/workspace/7u-2-build-macosx-x86_64/jdk7u79/2331/hotspot/src/share/vm/prims/jvm.cpp:1304
Event: 141.640 Thread 0x00007fb550001800 Threw 0x00000007aabc8a30 at /HUDSON/workspace/7u-2-build-macosx-x86_64/jdk7u79/2331/hotspot/src/share/vm/prims/jvm.cpp:1304
Event: 141.642 Thread 0x00007fb550001800 Threw 0x00000007aae64d08 at /HUDSON/workspace/7u-2-build-macosx-x86_64/jdk7u79/2331/hotspot/src/share/vm/prims/jvm.cpp:1304
Event: 141.644 Thread 0x00007fb550001800 Threw 0x00000007aae764d0 at /HUDSON/workspace/7u-2-build-macosx-x86_64/jdk7u79/2331/hotspot/src/share/vm/prims/jvm.cpp:1304
Event: 141.645 Thread 0x00007fb550001800 Threw 0x00000007aae79cb8 at /HUDSON/workspace/7u-2-build-macosx-x86_64/jdk7u79/2331/hotspot/src/share/vm/prims/jvm.cpp:1304
Event: 172.098 Thread 0x00007fb550001800 Threw 0x00000007aae7e3a0 at /HUDSON/workspace/7u-2-build-macosx-x86_64/jdk7u79/2331/hotspot/src/share/vm/prims/jvm.cpp:1304

Events (10 events):
Event: 172.100 loading class 0x00000001110a7500
Event: 172.100 loading class 0x00000001110a7500 done
Event: 172.100 loading class 0x0000000111072380
Event: 172.100 loading class 0x0000000111072380 done
Event: 172.336 Executing VM operation: GetOrSetLocal
Event: 172.336 Executing VM operation: GetOrSetLocal done
Event: 173.001 Executing VM operation: GetOrSetLocal
Event: 173.001 Executing VM operation: GetOrSetLocal done
Event: 173.002 Executing VM operation: GetOrSetLocal
Event: 173.002 Executing VM operation: GetOrSetLocal done


Dynamic libraries:
0x0000000032bbf000 	/System/Library/Frameworks/Cocoa.framework/Versions/A/Cocoa
0x0000000032bbf000 	/System/Library/Frameworks/Security.framework/Versions/A/Security
0x0000000032bbf000 	/System/Library/Frameworks/ApplicationServices.framework/Versions/A/ApplicationServices
0x0000000032bbf000 	/usr/lib/libz.1.dylib
0x0000000032bbf000 	/usr/lib/libSystem.B.dylib
0x0000000032bbf000 	/usr/lib/libobjc.A.dylib
0x0000000032bbf000 	/System/Library/Frameworks/CoreFoundation.framework/Versions/A/CoreFoundation
0x0000000032bbf000 	/System/Library/Frameworks/Foundation.framework/Versions/C/Foundation
0x0000000032bbf000 	/System/Library/Frameworks/AppKit.framework/Versions/C/AppKit
0x0000000032bbf000 	/System/Library/Frameworks/CoreData.framework/Versions/A/CoreData
0x0000000032bbf000 	/System/Library/PrivateFrameworks/RemoteViewServices.framework/Versions/A/RemoteViewServices
0x0000000032bbf000 	/System/Library/PrivateFrameworks/UIFoundation.framework/Versions/A/UIFoundation
0x0000000032bbf000 	/System/Library/PrivateFrameworks/DFRFoundation.framework/Versions/A/DFRFoundation
0x0000000032bbf000 	/usr/lib/libenergytrace.dylib
0x0000000032bbf000 	/System/Library/PrivateFrameworks/SkyLight.framework/Versions/A/SkyLight
0x0000000032bbf000 	/System/Library/Frameworks/CoreGraphics.framework/Versions/A/CoreGraphics
0x0000000032bbf000 	/usr/lib/libScreenReader.dylib
0x0000000032bbf000 	/System/Library/Frameworks/Accelerate.framework/Versions/A/Accelerate
0x0000000032bbf000 	/System/Library/Frameworks/IOSurface.framework/Versions/A/IOSurface
0x0000000032bbf000 	/System/Library/Frameworks/AudioToolbox.framework/Versions/A/AudioToolbox
0x0000000032bbf000 	/System/Library/Frameworks/AudioUnit.framework/Versions/A/AudioUnit
0x0000000032bbf000 	/System/Library/PrivateFrameworks/DataDetectorsCore.framework/Versions/A/DataDetectorsCore
0x0000000032bbf000 	/System/Library/PrivateFrameworks/DesktopServicesPriv.framework/Versions/A/DesktopServicesPriv
0x0000000032bbf000 	/System/Library/Frameworks/Carbon.framework/Versions/A/Frameworks/HIToolbox.framework/Versions/A/HIToolbox
0x0000000032bbf000 	/usr/lib/libicucore.A.dylib
0x0000000032bbf000 	/System/Library/Frameworks/QuartzCore.framework/Versions/A/QuartzCore
0x0000000032bbf000 	/System/Library/Frameworks/Carbon.framework/Versions/A/Frameworks/SpeechRecognition.framework/Versions/A/SpeechRecognition
0x0000000032bbf000 	/usr/lib/libauto.dylib
0x0000000032bbf000 	/usr/lib/libxml2.2.dylib
0x0000000032bbf000 	/System/Library/PrivateFrameworks/CoreUI.framework/Versions/A/CoreUI
0x0000000032bbf000 	/System/Library/Frameworks/CoreAudio.framework/Versions/A/CoreAudio
0x0000000032bbf000 	/System/Library/Frameworks/DiskArbitration.framework/Versions/A/DiskArbitration
0x0000000032bbf000 	/usr/lib/liblangid.dylib
0x0000000032bbf000 	/System/Library/PrivateFrameworks/MultitouchSupport.framework/Versions/A/MultitouchSupport
0x0000000032bbf000 	/System/Library/Frameworks/IOKit.framework/Versions/A/IOKit
0x0000000032bbf000 	/usr/lib/libDiagnosticMessagesClient.dylib
0x0000000032bbf000 	/System/Library/Frameworks/CoreServices.framework/Versions/A/CoreServices
0x0000000032bbf000 	/System/Library/PrivateFrameworks/PerformanceAnalysis.framework/Versions/A/PerformanceAnalysis
0x0000000032bbf000 	/System/Library/PrivateFrameworks/GenerationalStorage.framework/Versions/A/GenerationalStorage
0x0000000032bbf000 	/System/Library/Frameworks/OpenGL.framework/Versions/A/OpenGL
0x0000000032bbf000 	/System/Library/Frameworks/CoreImage.framework/Versions/A/CoreImage
0x0000000032bbf000 	/System/Library/Frameworks/CoreText.framework/Versions/A/CoreText
0x0000000032bbf000 	/System/Library/Frameworks/ImageIO.framework/Versions/A/ImageIO
0x0000000032bbf000 	/System/Library/PrivateFrameworks/Backup.framework/Versions/A/Backup
0x0000000032bbf000 	/usr/lib/libarchive.2.dylib
0x0000000032bbf000 	/System/Library/Frameworks/CFNetwork.framework/Versions/A/CFNetwork
0x0000000032bbf000 	/System/Library/Frameworks/SystemConfiguration.framework/Versions/A/SystemConfiguration
0x0000000032bbf000 	/usr/lib/libCRFSuite.dylib
0x0000000032bbf000 	/usr/lib/libc++.1.dylib
0x0000000032bbf000 	/usr/lib/libc++abi.dylib
0x0000000032bbf000 	/usr/lib/system/libcache.dylib
0x0000000032bbf000 	/usr/lib/system/libcommonCrypto.dylib
0x0000000032bbf000 	/usr/lib/system/libcompiler_rt.dylib
0x0000000032bbf000 	/usr/lib/system/libcopyfile.dylib
0x0000000032bbf000 	/usr/lib/system/libcorecrypto.dylib
0x0000000032bbf000 	/usr/lib/system/libdispatch.dylib
0x0000000032bbf000 	/usr/lib/system/libdyld.dylib
0x0000000032bbf000 	/usr/lib/system/libkeymgr.dylib
0x0000000032bbf000 	/usr/lib/system/liblaunch.dylib
0x0000000032bbf000 	/usr/lib/system/libmacho.dylib
0x0000000032bbf000 	/usr/lib/system/libquarantine.dylib
0x0000000032bbf000 	/usr/lib/system/libremovefile.dylib
0x0000000032bbf000 	/usr/lib/system/libsystem_asl.dylib
0x0000000032bbf000 	/usr/lib/system/libsystem_blocks.dylib
0x0000000032bbf000 	/usr/lib/system/libsystem_c.dylib
0x0000000032bbf000 	/usr/lib/system/libsystem_configuration.dylib
0x0000000032bbf000 	/usr/lib/system/libsystem_coreservices.dylib
0x0000000032bbf000 	/usr/lib/system/libsystem_coretls.dylib
0x0000000032bbf000 	/usr/lib/system/libsystem_dnssd.dylib
0x0000000032bbf000 	/usr/lib/system/libsystem_info.dylib
0x0000000032bbf000 	/usr/lib/system/libsystem_kernel.dylib
0x0000000032bbf000 	/usr/lib/system/libsystem_m.dylib
0x0000000032bbf000 	/usr/lib/system/libsystem_malloc.dylib
0x0000000032bbf000 	/usr/lib/system/libsystem_network.dylib
0x0000000032bbf000 	/usr/lib/system/libsystem_networkextension.dylib
0x0000000032bbf000 	/usr/lib/system/libsystem_notify.dylib
0x0000000032bbf000 	/usr/lib/system/libsystem_platform.dylib
0x0000000032bbf000 	/usr/lib/system/libsystem_pthread.dylib
0x0000000032bbf000 	/usr/lib/system/libsystem_sandbox.dylib
0x0000000032bbf000 	/usr/lib/system/libsystem_secinit.dylib
0x0000000032bbf000 	/usr/lib/system/libsystem_symptoms.dylib
0x0000000032bbf000 	/usr/lib/system/libsystem_trace.dylib
0x0000000032bbf000 	/usr/lib/system/libunwind.dylib
0x0000000032bbf000 	/usr/lib/system/libxpc.dylib
0x0000000032bbf000 	/usr/lib/libbsm.0.dylib
0x0000000032bbf000 	/usr/lib/system/libkxld.dylib
0x0000000032bbf000 	/usr/lib/libcoretls.dylib
0x0000000032bbf000 	/usr/lib/libcoretls_cfhelpers.dylib
0x0000000032bbf000 	/usr/lib/libxar.1.dylib
0x0000000032bbf000 	/usr/lib/libsqlite3.dylib
0x0000000032bbf000 	/usr/lib/libpam.2.dylib
0x0000000032bbf000 	/usr/lib/libOpenScriptingUtil.dylib
0x0000000032bbf000 	/usr/lib/libbz2.1.0.dylib
0x0000000032bbf000 	/usr/lib/liblzma.5.dylib
0x0000000032bbf000 	/usr/lib/libnetwork.dylib
0x0000000032bbf000 	/usr/lib/libpcap.A.dylib
0x0000000032bbf000 	/System/Library/Frameworks/CoreServices.framework/Versions/A/Frameworks/FSEvents.framework/Versions/A/FSEvents
0x0000000032bbf000 	/System/Library/Frameworks/CoreServices.framework/Versions/A/Frameworks/CarbonCore.framework/Versions/A/CarbonCore
0x0000000032bbf000 	/System/Library/Frameworks/CoreServices.framework/Versions/A/Frameworks/Metadata.framework/Versions/A/Metadata
0x0000000032bbf000 	/System/Library/Frameworks/CoreServices.framework/Versions/A/Frameworks/OSServices.framework/Versions/A/OSServices
0x0000000032bbf000 	/System/Library/Frameworks/CoreServices.framework/Versions/A/Frameworks/SearchKit.framework/Versions/A/SearchKit
0x0000000032bbf000 	/System/Library/Frameworks/CoreServices.framework/Versions/A/Frameworks/AE.framework/Versions/A/AE
0x0000000032bbf000 	/System/Library/Frameworks/CoreServices.framework/Versions/A/Frameworks/LaunchServices.framework/Versions/A/LaunchServices
0x0000000032bbf000 	/System/Library/Frameworks/CoreServices.framework/Versions/A/Frameworks/DictionaryServices.framework/Versions/A/DictionaryServices
0x0000000032bbf000 	/System/Library/Frameworks/CoreServices.framework/Versions/A/Frameworks/SharedFileList.framework/Versions/A/SharedFileList
0x0000000032bbf000 	/System/Library/Frameworks/NetFS.framework/Versions/A/NetFS
0x0000000032bbf000 	/System/Library/PrivateFrameworks/NetAuth.framework/Versions/A/NetAuth
0x0000000032bbf000 	/System/Library/PrivateFrameworks/login.framework/Versions/A/Frameworks/loginsupport.framework/Versions/A/loginsupport
0x0000000032bbf000 	/System/Library/PrivateFrameworks/TCC.framework/Versions/A/TCC
0x0000000032bbf000 	/usr/lib/libmecabra.dylib
0x0000000032bbf000 	/System/Library/Frameworks/ApplicationServices.framework/Versions/A/Frameworks/ATS.framework/Versions/A/ATS
0x0000000032bbf000 	/System/Library/Frameworks/ApplicationServices.framework/Versions/A/Frameworks/ColorSync.framework/Versions/A/ColorSync
0x0000000032bbf000 	/System/Library/Frameworks/ApplicationServices.framework/Versions/A/Frameworks/HIServices.framework/Versions/A/HIServices
0x0000000032bbf000 	/System/Library/Frameworks/ApplicationServices.framework/Versions/A/Frameworks/LangAnalysis.framework/Versions/A/LangAnalysis
0x0000000032bbf000 	/System/Library/Frameworks/ApplicationServices.framework/Versions/A/Frameworks/PrintCore.framework/Versions/A/PrintCore
0x0000000032bbf000 	/System/Library/Frameworks/ApplicationServices.framework/Versions/A/Frameworks/QD.framework/Versions/A/QD
0x0000000032bbf000 	/System/Library/Frameworks/ApplicationServices.framework/Versions/A/Frameworks/SpeechSynthesis.framework/Versions/A/SpeechSynthesis
0x0000000032bbf000 	/System/Library/Frameworks/Accelerate.framework/Versions/A/Frameworks/vImage.framework/Versions/A/vImage
0x0000000032bbf000 	/System/Library/Frameworks/Accelerate.framework/Versions/A/Frameworks/vecLib.framework/Versions/A/vecLib
0x0000000032bbf000 	/System/Library/Frameworks/Accelerate.framework/Versions/A/Frameworks/vecLib.framework/Versions/A/libvDSP.dylib
0x0000000032bbf000 	/System/Library/Frameworks/Accelerate.framework/Versions/A/Frameworks/vecLib.framework/Versions/A/libBNNS.dylib
0x0000000032bbf000 	/System/Library/Frameworks/Accelerate.framework/Versions/A/Frameworks/vecLib.framework/Versions/A/libQuadrature.dylib
0x0000000032bbf000 	/System/Library/Frameworks/Accelerate.framework/Versions/A/Frameworks/vecLib.framework/Versions/A/libvMisc.dylib
0x0000000032bbf000 	/System/Library/Frameworks/Accelerate.framework/Versions/A/Frameworks/vecLib.framework/Versions/A/libLAPACK.dylib
0x0000000032bbf000 	/System/Library/Frameworks/Accelerate.framework/Versions/A/Frameworks/vecLib.framework/Versions/A/libBLAS.dylib
0x0000000032bbf000 	/System/Library/Frameworks/Accelerate.framework/Versions/A/Frameworks/vecLib.framework/Versions/A/libLinearAlgebra.dylib
0x0000000032bbf000 	/System/Library/Frameworks/Accelerate.framework/Versions/A/Frameworks/vecLib.framework/Versions/A/libSparseBLAS.dylib
0x0000000032bbf000 	/System/Library/Frameworks/ApplicationServices.framework/Versions/A/Frameworks/ATS.framework/Versions/A/Resources/libFontParser.dylib
0x0000000032bbf000 	/System/Library/Frameworks/ApplicationServices.framework/Versions/A/Frameworks/ATS.framework/Versions/A/Resources/libFontRegistry.dylib
0x0000000032bbf000 	/System/Library/Frameworks/ImageIO.framework/Versions/A/Resources/libJPEG.dylib
0x0000000032bbf000 	/System/Library/Frameworks/ImageIO.framework/Versions/A/Resources/libTIFF.dylib
0x0000000032bbf000 	/System/Library/Frameworks/ImageIO.framework/Versions/A/Resources/libPng.dylib
0x0000000032bbf000 	/System/Library/Frameworks/ImageIO.framework/Versions/A/Resources/libGIF.dylib
0x0000000032bbf000 	/System/Library/Frameworks/ImageIO.framework/Versions/A/Resources/libJP2.dylib
0x0000000032bbf000 	/System/Library/Frameworks/ImageIO.framework/Versions/A/Resources/libRadiance.dylib
0x0000000032bbf000 	/usr/lib/libcompression.dylib
0x0000000032bbf000 	/System/Library/PrivateFrameworks/AppleJPEG.framework/Versions/A/AppleJPEG
0x0000000032bbf000 	/usr/lib/libcups.2.dylib
0x0000000032bbf000 	/System/Library/Frameworks/Kerberos.framework/Versions/A/Kerberos
0x0000000032bbf000 	/System/Library/Frameworks/GSS.framework/Versions/A/GSS
0x0000000032bbf000 	/usr/lib/libresolv.9.dylib
0x0000000032bbf000 	/usr/lib/libiconv.2.dylib
0x0000000032bbf000 	/System/Library/PrivateFrameworks/Heimdal.framework/Versions/A/Heimdal
0x0000000032bbf000 	/usr/lib/libheimdal-asn1.dylib
0x0000000032bbf000 	/System/Library/Frameworks/OpenDirectory.framework/Versions/A/OpenDirectory
0x0000000032bbf000 	/System/Library/PrivateFrameworks/CommonAuth.framework/Versions/A/CommonAuth
0x0000000032bbf000 	/System/Library/Frameworks/OpenDirectory.framework/Versions/A/Frameworks/CFOpenDirectory.framework/Versions/A/CFOpenDirectory
0x0000000032bbf000 	/System/Library/Frameworks/SecurityFoundation.framework/Versions/A/SecurityFoundation
0x0000000032bbf000 	/System/Library/PrivateFrameworks/LanguageModeling.framework/Versions/A/LanguageModeling
0x0000000032bbf000 	/usr/lib/libmarisa.dylib
0x0000000032bbf000 	/usr/lib/libChineseTokenizer.dylib
0x0000000032bbf000 	/usr/lib/libcmph.dylib
0x0000000032bbf000 	/System/Library/PrivateFrameworks/CoreEmoji.framework/Versions/A/CoreEmoji
0x0000000032bbf000 	/System/Library/Frameworks/ServiceManagement.framework/Versions/A/ServiceManagement
0x0000000032bbf000 	/usr/lib/libxslt.1.dylib
0x0000000032bbf000 	/System/Library/Frameworks/Carbon.framework/Versions/A/Frameworks/Ink.framework/Versions/A/Ink
0x0000000032bbf000 	/System/Library/PrivateFrameworks/TextureIO.framework/Versions/A/TextureIO
0x0000000032bbf000 	/System/Library/Frameworks/Metal.framework/Versions/A/Metal
0x0000000032bbf000 	/usr/lib/libate.dylib
0x0000000032bbf000 	/System/Library/PrivateFrameworks/GPUCompiler.framework/libmetal_timestamp.dylib
0x0000000032bbf000 	/System/Library/Frameworks/OpenGL.framework/Versions/A/Libraries/libCoreFSCache.dylib
0x0000000032bbf000 	/System/Library/PrivateFrameworks/IOAccelerator.framework/Versions/A/IOAccelerator
0x0000000032bbf000 	/System/Library/Frameworks/CoreVideo.framework/Versions/A/CoreVideo
0x0000000032bbf000 	/usr/lib/libFosl_dynamic.dylib
0x0000000032bbf000 	/System/Library/PrivateFrameworks/MetalPerformanceShaders.framework/Versions/A/MetalPerformanceShaders
0x0000000032bbf000 	/System/Library/PrivateFrameworks/FaceCore.framework/Versions/A/FaceCore
0x0000000032bbf000 	/System/Library/Frameworks/OpenCL.framework/Versions/A/OpenCL
0x0000000032bbf000 	/System/Library/Frameworks/OpenGL.framework/Versions/A/Libraries/libGLU.dylib
0x0000000032bbf000 	/System/Library/Frameworks/OpenGL.framework/Versions/A/Libraries/libGFXShared.dylib
0x0000000032bbf000 	/System/Library/Frameworks/OpenGL.framework/Versions/A/Libraries/libGL.dylib
0x0000000032bbf000 	/System/Library/Frameworks/OpenGL.framework/Versions/A/Libraries/libGLImage.dylib
0x0000000032bbf000 	/System/Library/Frameworks/OpenGL.framework/Versions/A/Libraries/libCVMSPluginSupport.dylib
0x0000000032bbf000 	/System/Library/Frameworks/OpenGL.framework/Versions/A/Libraries/libCoreVMClient.dylib
0x0000000032bbf000 	/System/Library/PrivateFrameworks/CrashReporterSupport.framework/Versions/A/CrashReporterSupport
0x0000000032bbf000 	/System/Library/PrivateFrameworks/Sharing.framework/Versions/A/Sharing
0x0000000032bbf000 	/System/Library/PrivateFrameworks/IconServices.framework/Versions/A/IconServices
0x0000000032bbf000 	/System/Library/PrivateFrameworks/ProtocolBuffer.framework/Versions/A/ProtocolBuffer
0x0000000032bbf000 	/System/Library/PrivateFrameworks/Apple80211.framework/Versions/A/Apple80211
0x0000000032bbf000 	/System/Library/Frameworks/CoreWLAN.framework/Versions/A/CoreWLAN
0x0000000032bbf000 	/System/Library/PrivateFrameworks/CoreUtils.framework/Versions/A/CoreUtils
0x0000000032bbf000 	/System/Library/Frameworks/IOBluetooth.framework/Versions/A/IOBluetooth
0x0000000032bbf000 	/System/Library/PrivateFrameworks/CoreWiFi.framework/Versions/A/CoreWiFi
0x0000000032bbf000 	/System/Library/Frameworks/CoreBluetooth.framework/Versions/A/CoreBluetooth
0x0000000032bbf000 	/System/Library/Frameworks/CoreDisplay.framework/Versions/A/CoreDisplay
0x0000000032bbf000 	/System/Library/PrivateFrameworks/IOPresentment.framework/Versions/A/IOPresentment
0x0000000032bbf000 	/System/Library/PrivateFrameworks/DebugSymbols.framework/Versions/A/DebugSymbols
0x0000000032bbf000 	/System/Library/PrivateFrameworks/CoreSymbolication.framework/Versions/A/CoreSymbolication
0x0000000032bbf000 	/System/Library/PrivateFrameworks/Symbolication.framework/Versions/A/Symbolication
0x0000000032bbf000 	/System/Library/PrivateFrameworks/AppleFSCompression.framework/Versions/A/AppleFSCompression
0x0000000032bbf000 	/System/Library/PrivateFrameworks/SpeechRecognitionCore.framework/Versions/A/SpeechRecognitionCore
0x0000000032bbf000 	/System/Library/PrivateFrameworks/ChunkingLibrary.framework/Versions/A/ChunkingLibrary
0x000000010c000000 	/Library/Java/JavaVirtualMachines/jdk1.7.0_79.jdk/Contents/Home/jre/lib/server/libjvm.dylib
0x0000000032bbf000 	/usr/lib/libstdc++.6.dylib
0x000000010ae43000 	/Library/Java/JavaVirtualMachines/jdk1.7.0_79.jdk/Contents/Home/jre/lib/libverify.dylib
0x000000010ae50000 	/Library/Java/JavaVirtualMachines/jdk1.7.0_79.jdk/Contents/Home/jre/lib/libjava.dylib
0x000000010ae81000 	/Library/Java/JavaVirtualMachines/jdk1.7.0_79.jdk/Contents/Home/jre/lib/libjdwp.dylib
0x000000010aebe000 	/Library/Java/JavaVirtualMachines/jdk1.7.0_79.jdk/Contents/Home/jre/lib/libnpt.dylib
0x000000010aecb000 	/Library/Java/JavaVirtualMachines/jdk1.7.0_79.jdk/Contents/Home/jre/lib/libzip.dylib
0x000000010afe6000 	/System/Library/Frameworks/JavaVM.framework/Frameworks/JavaRuntimeSupport.framework/JavaRuntimeSupport
0x0000000112410000 	/System/Library/Frameworks/JavaVM.framework/Versions/A/Frameworks/JavaNativeFoundation.framework/Versions/A/JavaNativeFoundation
0x000000011b2a3000 	/System/Library/Frameworks/JavaVM.framework/Versions/A/JavaVM
0x0000000032bbf000 	/System/Library/Frameworks/Carbon.framework/Versions/A/Carbon
0x000000011b2b0000 	/System/Library/PrivateFrameworks/JavaLaunching.framework/Versions/A/JavaLaunching
0x0000000032bbf000 	/System/Library/Frameworks/Carbon.framework/Versions/A/Frameworks/CommonPanels.framework/Versions/A/CommonPanels
0x0000000032bbf000 	/System/Library/Frameworks/Carbon.framework/Versions/A/Frameworks/Help.framework/Versions/A/Help
0x0000000032bbf000 	/System/Library/Frameworks/Carbon.framework/Versions/A/Frameworks/ImageCapture.framework/Versions/A/ImageCapture
0x0000000032bbf000 	/System/Library/Frameworks/Carbon.framework/Versions/A/Frameworks/OpenScripting.framework/Versions/A/OpenScripting
0x0000000032bbf000 	/System/Library/Frameworks/Carbon.framework/Versions/A/Frameworks/Print.framework/Versions/A/Print
0x0000000032bbf000 	/System/Library/Frameworks/Carbon.framework/Versions/A/Frameworks/SecurityHI.framework/Versions/A/SecurityHI
0x000000011cbbc000 	/Library/Java/JavaVirtualMachines/jdk1.7.0_79.jdk/Contents/Home/jre/lib/libdt_socket.dylib

VM Arguments:
jvm_args: -agentlib:jdwp=transport=dt_socket,suspend=y,address=localhost:59839 -Dfile.encoding=UTF-8 
java_command: com.hellosign.sdk.Test
Launcher Type: SUN_STANDARD

Environment Variables:
PATH=/usr/bin:/bin:/usr/sbin:/sbin
SHELL=/bin/bash
DISPLAY=/private/tmp/com.apple.launchd.KRekFaAB73/org.macosforge.xquartz:0

Signal Handlers:
SIGSEGV: [libjvm.dylib+0x52daf1], sa_mask[0]=0xfffefeff, sa_flags=0x00000043
SIGBUS: [libjvm.dylib+0x52daf1], sa_mask[0]=0xfffefeff, sa_flags=0x00000042
SIGFPE: [libjvm.dylib+0x41f34e], sa_mask[0]=0xfffefeff, sa_flags=0x00000042
SIGPIPE: [libjvm.dylib+0x41f34e], sa_mask[0]=0xfffefeff, sa_flags=0x00000042
SIGXFSZ: [libjvm.dylib+0x41f34e], sa_mask[0]=0xfffefeff, sa_flags=0x00000042
SIGILL: [libjvm.dylib+0x41f34e], sa_mask[0]=0xfffefeff, sa_flags=0x00000042
SIGUSR1: SIG_DFL, sa_mask[0]=0x00000000, sa_flags=0x00000000
SIGUSR2: [libjvm.dylib+0x41ee40], sa_mask[0]=0x00000004, sa_flags=0x00000042
SIGHUP: [libjvm.dylib+0x41d0d1], sa_mask[0]=0xfffefeff, sa_flags=0x00000042
SIGINT: [libjvm.dylib+0x41d0d1], sa_mask[0]=0xfffefeff, sa_flags=0x00000042
SIGTERM: [libjvm.dylib+0x41d0d1], sa_mask[0]=0xfffefeff, sa_flags=0x00000042
SIGQUIT: [libjvm.dylib+0x41d0d1], sa_mask[0]=0xfffefeff, sa_flags=0x00000042


---------------  S Y S T E M  ---------------

OS:Bsduname:Darwin 16.4.0 Darwin Kernel Version 16.4.0: Thu Dec 22 22:53:21 PST 2016; root:xnu-3789.41.3~3/RELEASE_X86_64 x86_64
rlimit: STACK 8192k, CORE 0k, NPROC 709, NOFILE 10240, AS infinity
load average:2.61 2.75 2.83

CPU:total 8 (4 cores per cpu, 2 threads per core) family 6 model 70 stepping 1, cmov, cx8, fxsr, mmx, sse, sse2, sse3, ssse3, sse4.1, sse4.2, popcnt, avx, avx2, aes, erms, ht, tsc, tscinvbit

Memory: 4k page, physical 16777216k(4194304k free)

/proc/meminfo:


vm_info: Java HotSpot(TM) 64-Bit Server VM (24.79-b02) for bsd-amd64 JRE (1.7.0_79-b15), built on Apr 10 2015 11:35:04 by "java_re" with gcc 4.2.1 (Based on Apple Inc. build 5658) (LLVM build 2336.11.00)

time: Wed Feb 22 16:24:45 2017
elapsed time: 173 seconds

